#
# There is insufficient memory for the Java Runtime Environment to continue.
# Native memory allocation (malloc) failed to allocate 32784 bytes. Error detail: Chunk::new
# Possible reasons:
#   The system is out of physical RAM or swap space
#   This process is running with CompressedOops enabled, and the Java Heap may be blocking the growth of the native heap
# Possible solutions:
#   Reduce memory load on the system
#   Increase physical memory or swap space
#   Check if swap backing store is full
#   Decrease Java heap size (-Xmx/-Xms)
#   Decrease number of Java threads
#   Decrease Java thread stack sizes (-Xss)
#   Set larger code cache with -XX:ReservedCodeCacheSize=
#   JVM is running with Unscaled Compressed Oops mode in which the Java heap is
#     placed in the first 4GB address space. The Java Heap base address is the
#     maximum limit for the native heap growth. Please use -XX:HeapBaseMinAddress
#     to set the Java Heap base and to place the Java Heap above 4GB virtual address.
# This output file may be truncated or incomplete.
#
#  Out of Memory Error (arena.cpp:191), pid=33724, tid=32032
#
# JRE version: OpenJDK Runtime Environment Temurin-17.0.11+9 (17.0.11+9) (build 17.0.11+9)
# Java VM: OpenJDK 64-Bit Server VM Temurin-17.0.11+9 (17.0.11+9, mixed mode, tiered, compressed oops, compressed class ptrs, parallel gc, windows-amd64)
# No core dump will be written. Minidumps are not enabled by default on client versions of Windows
#

---------------  S U M M A R Y ------------

Command Line: --add-modules=ALL-SYSTEM --add-opens=java.base/java.util=ALL-UNNAMED --add-opens=java.base/java.lang=ALL-UNNAMED --add-opens=java.base/sun.nio.fs=ALL-UNNAMED -Declipse.application=org.eclipse.jdt.ls.core.id1 -Dosgi.bundles.defaultStartLevel=4 -Declipse.product=org.eclipse.jdt.ls.core.product -Djava.import.generatesMetadataFilesAtProjectRoot=false -DDetectVMInstallationsJob.disabled=true -Dfile.encoding=utf8 -XX:+UseParallelGC -XX:GCTimeRatio=4 -XX:AdaptiveSizePolicyWeight=90 -Dsun.zip.disableMemoryMapping=true -Xmx1G -Xms100m -Xlog:disable -javaagent:c:\Users\Mamadou Diouf\.vscode\extensions\redhat.java-1.32.0-win32-x64\lombok\lombok-1.18.33.jar c:\Users\Mamadou Diouf\.vscode\extensions\redhat.java-1.32.0-win32-x64\server\plugins\org.eclipse.equinox.launcher_1.6.900.v20240613-2009.jar -configuration c:\Users\Mamadou Diouf\AppData\Roaming\Code\User\globalStorage\redhat.java\1.32.0\config_ss_win -data c:\Users\Mamadou Diouf\AppData\Roaming\Code\User\workspaceStorage\6f1065849b1a3b280351f4f1af449242\redhat.java\ss_ws --pipe=\\.\pipe\lsp-524ed0a028e00febf790c474b0d78191-sock

Host: Intel(R) Core(TM) i7-6820HQ CPU @ 2.70GHz, 8 cores, 23G,  Windows 10 , 64 bit Build 19041 (10.0.19041.4597)
Time: Sat Jul 20 23:53:03 2024 Greenwich elapsed time: 2.668844 seconds (0d 0h 0m 2s)

---------------  T H R E A D  ---------------

Current thread (0x0000018a35749b40):  JavaThread "C2 CompilerThread1" daemon [_thread_in_native, id=32032, stack(0x0000003326f00000,0x0000003327000000)]


Current CompileTask:
C2:   2668  612       4       lombok.patcher.scripts.MethodLevelPatchScript::patch (21 bytes)

Stack: [0x0000003326f00000,0x0000003327000000]
Native frames: (J=compiled Java code, j=interpreted, Vv=VM code, C=native code)
V  [jvm.dll+0x67d429]
V  [jvm.dll+0x834b7a]
V  [jvm.dll+0x83663e]
V  [jvm.dll+0x836ca3]
V  [jvm.dll+0x247dbf]
V  [jvm.dll+0xac534]
V  [jvm.dll+0xacb7c]
V  [jvm.dll+0xac63b]
V  [jvm.dll+0x65ac7c]
V  [jvm.dll+0x591172]
V  [jvm.dll+0x57a7b9]
V  [jvm.dll+0x57de07]
V  [jvm.dll+0x57d55d]
V  [jvm.dll+0x585194]
V  [jvm.dll+0x222d82]
V  [jvm.dll+0x21c090]
V  [jvm.dll+0x2197a1]
V  [jvm.dll+0x1a534d]
V  [jvm.dll+0x2295cd]
V  [jvm.dll+0x22779c]
V  [jvm.dll+0x7e9d07]
V  [jvm.dll+0x7e410a]
V  [jvm.dll+0x67c315]
C  [ucrtbase.dll+0x21bb2]
C  [KERNEL32.DLL+0x17374]
C  [ntdll.dll+0x4cc91]


---------------  P R O C E S S  ---------------

Threads class SMR info:
_java_thread_list=0x0000018a35824960, length=13, elements={
0x0000018a1b5d1bc0, 0x0000018a2f465b00, 0x0000018a2f469350, 0x0000018a2f46a0c0,
0x0000018a2f46ac50, 0x0000018a2f46d7f0, 0x0000018a2f46e4c0, 0x0000018a347ca370,
0x0000018a3482cf30, 0x0000018a34833c20, 0x0000018a1b635a70, 0x0000018a34b13d00,
0x0000018a35749b40
}

Java Threads: ( => current thread )
  0x0000018a1b5d1bc0 JavaThread "main" [_thread_in_native, id=11760, stack(0x0000003326000000,0x0000003326100000)]
  0x0000018a2f465b00 JavaThread "Reference Handler" daemon [_thread_blocked, id=17680, stack(0x0000003326300000,0x0000003326400000)]
  0x0000018a2f469350 JavaThread "Finalizer" daemon [_thread_blocked, id=20624, stack(0x0000003326400000,0x0000003326500000)]
  0x0000018a2f46a0c0 JavaThread "Signal Dispatcher" daemon [_thread_blocked, id=2504, stack(0x0000003326500000,0x0000003326600000)]
  0x0000018a2f46ac50 JavaThread "Attach Listener" daemon [_thread_blocked, id=10396, stack(0x0000003326600000,0x0000003326700000)]
  0x0000018a2f46d7f0 JavaThread "Service Thread" daemon [_thread_blocked, id=30240, stack(0x0000003326700000,0x0000003326800000)]
  0x0000018a2f46e4c0 JavaThread "Monitor Deflation Thread" daemon [_thread_blocked, id=25156, stack(0x0000003326800000,0x0000003326900000)]
  0x0000018a347ca370 JavaThread "C2 CompilerThread0" daemon [_thread_in_native, id=22728, stack(0x0000003326900000,0x0000003326a00000)]
  0x0000018a3482cf30 JavaThread "C1 CompilerThread0" daemon [_thread_blocked, id=9856, stack(0x0000003326a00000,0x0000003326b00000)]
  0x0000018a34833c20 JavaThread "Sweeper thread" daemon [_thread_blocked, id=25392, stack(0x0000003326b00000,0x0000003326c00000)]
  0x0000018a1b635a70 JavaThread "Common-Cleaner" daemon [_thread_blocked, id=32220, stack(0x0000003326c00000,0x0000003326d00000)]
  0x0000018a34b13d00 JavaThread "Notification Thread" daemon [_thread_blocked, id=9744, stack(0x0000003326d00000,0x0000003326e00000)]
=>0x0000018a35749b40 JavaThread "C2 CompilerThread1" daemon [_thread_in_native, id=32032, stack(0x0000003326f00000,0x0000003327000000)]

Other Threads:
  0x0000018a1b68e790 VMThread "VM Thread" [stack: 0x0000003326200000,0x0000003326300000] [id=1208]
  0x0000018a34b6ec20 WatcherThread [stack: 0x0000003326e00000,0x0000003326f00000] [id=11048]
  0x0000018a1b5e0790 GCTaskThread "GC Thread#0" [stack: 0x0000003326100000,0x0000003326200000] [id=13352]

Threads with active compile tasks:
C2 CompilerThread0     2736  613       4       lombok.patcher.PatchScript::classMatches (41 bytes)
C2 CompilerThread1     2736  612       4       lombok.patcher.scripts.MethodLevelPatchScript::patch (21 bytes)

VM state: not at safepoint (normal execution)

VM Mutex/Monitor currently owned by a thread: None

Heap address: 0x00000000c0000000, size: 1024 MB, Compressed Oops mode: 32-bit

CDS archive(s) not mapped
Compressed class space mapped at: 0x0000000100000000-0x0000000140000000, reserved size: 1073741824
Narrow klass base: 0x0000000000000000, Narrow klass shift: 3, Narrow klass range: 0x140000000

GC Precious Log:
 CPUs: 8 total, 8 available
 Memory: 24391M
 Large Page Support: Disabled
 NUMA Support: Disabled
 Compressed Oops: Enabled (32-bit)
 Alignments: Space 512K, Generation 512K, Heap 2M
 Heap Min Capacity: 100M
 Heap Initial Capacity: 100M
 Heap Max Capacity: 1G
 Pre-touch: Disabled
 Parallel Workers: 8

Heap:
 PSYoungGen      total 29696K, used 13756K [0x00000000eab00000, 0x00000000ecc00000, 0x0000000100000000)
  eden space 25600K, 53% used [0x00000000eab00000,0x00000000eb86f128,0x00000000ec400000)
  from space 4096K, 0% used [0x00000000ec800000,0x00000000ec800000,0x00000000ecc00000)
  to   space 4096K, 0% used [0x00000000ec400000,0x00000000ec400000,0x00000000ec800000)
 ParOldGen       total 68608K, used 0K [0x00000000c0000000, 0x00000000c4300000, 0x00000000eab00000)
  object space 68608K, 0% used [0x00000000c0000000,0x00000000c0000000,0x00000000c4300000)
 Metaspace       used 8929K, committed 9024K, reserved 1114112K
  class space    used 883K, committed 960K, reserved 1048576K

Card table byte_map: [0x0000018a1afa0000,0x0000018a1b1b0000] _byte_map_base: 0x0000018a1a9a0000

Marking Bits: (ParMarkBitMap*) 0x00007ffbea6bd820
 Begin Bits: [0x0000018a2d270000, 0x0000018a2e270000)
 End Bits:   [0x0000018a2e270000, 0x0000018a2f270000)

Polling page: 0x0000018a1ad90000

Metaspace:

Usage:
  Non-class:      7.86 MB used.
      Class:    883.55 KB used.
       Both:      8.72 MB used.

Virtual space:
  Non-class space:       64.00 MB reserved,       7.88 MB ( 12%) committed,  1 nodes.
      Class space:        1.00 GB reserved,     960.00 KB ( <1%) committed,  1 nodes.
             Both:        1.06 GB reserved,       8.81 MB ( <1%) committed. 

Chunk freelists:
   Non-Class:  8.00 MB
       Class:  15.09 MB
        Both:  23.09 MB

MaxMetaspaceSize: unlimited
CompressedClassSpaceSize: 1.00 GB
Initial GC threshold: 21.00 MB
Current GC threshold: 21.00 MB
CDS: off
MetaspaceReclaimPolicy: balanced
 - commit_granule_bytes: 65536.
 - commit_granule_words: 8192.
 - virtual_space_node_default_size: 8388608.
 - enlarge_chunks_in_place: 1.
 - new_chunks_are_fully_committed: 0.
 - uncommit_free_chunks: 1.
 - use_allocation_guard: 0.
 - handle_deallocations: 1.


Internal statistics:

num_allocs_failed_limit: 0.
num_arena_births: 10.
num_arena_deaths: 0.
num_vsnodes_births: 2.
num_vsnodes_deaths: 0.
num_space_committed: 141.
num_space_uncommitted: 0.
num_chunks_returned_to_freelist: 0.
num_chunks_taken_from_freelist: 41.
num_chunk_merges: 0.
num_chunk_splits: 23.
num_chunks_enlarged: 22.
num_inconsistent_stats: 0.

CodeHeap 'non-profiled nmethods': size=120000Kb used=239Kb max_used=239Kb free=119760Kb
 bounds [0x0000018a25d40000, 0x0000018a25fb0000, 0x0000018a2d270000]
CodeHeap 'profiled nmethods': size=120000Kb used=872Kb max_used=872Kb free=119127Kb
 bounds [0x0000018a1e270000, 0x0000018a1e4e0000, 0x0000018a257a0000]
CodeHeap 'non-nmethods': size=5760Kb used=1132Kb max_used=1149Kb free=4627Kb
 bounds [0x0000018a257a0000, 0x0000018a25a10000, 0x0000018a25d40000]
 total_blobs=1038 nmethods=616 adapters=337
 compilation: enabled
              stopped_count=0, restarted_count=0
 full_count=0

Compilation events (20 events):
Event: 2.639 Thread 0x0000018a3482cf30  608       3       java.lang.invoke.VarForm::getMemberName (31 bytes)
Event: 2.639 Thread 0x0000018a3482cf30 nmethod 608 0x0000018a1e347f10 code [0x0000018a1e3480c0, 0x0000018a1e348358]
Event: 2.639 Thread 0x0000018a3482cf30  609       3       java.lang.invoke.VarHandleByteArrayAsInts$ArrayHandle::index (12 bytes)
Event: 2.639 Thread 0x0000018a3482cf30 nmethod 609 0x0000018a1e348490 code [0x0000018a1e348640, 0x0000018a1e348848]
Event: 2.640 Thread 0x0000018a3482cf30  607       3       java.lang.invoke.VarHandleByteArrayAsInts$ArrayHandle::get (36 bytes)
Event: 2.640 Thread 0x0000018a3482cf30 nmethod 607 0x0000018a1e348990 code [0x0000018a1e348b60, 0x0000018a1e349018]
Event: 2.642 Thread 0x0000018a347ca370  611       4       java.util.HashSet::iterator (13 bytes)
Event: 2.642 Thread 0x0000018a35749b40  612       4       lombok.patcher.scripts.MethodLevelPatchScript::patch (21 bytes)
Event: 2.645 Thread 0x0000018a3482cf30  615       3       java.lang.String::valueOf (15 bytes)
Event: 2.646 Thread 0x0000018a3482cf30 nmethod 615 0x0000018a1e349210 code [0x0000018a1e3493c0, 0x0000018a1e3495c8]
Event: 2.646 Thread 0x0000018a3482cf30  616       3       java.security.Provider$ServiceKey::<init> (39 bytes)
Event: 2.647 Thread 0x0000018a3482cf30 nmethod 616 0x0000018a1e349690 code [0x0000018a1e349880, 0x0000018a1e349cc8]
Event: 2.647 Thread 0x0000018a3482cf30  617       3       java.security.Provider$ServiceKey::hashCode (19 bytes)
Event: 2.648 Thread 0x0000018a3482cf30 nmethod 617 0x0000018a1e349e90 code [0x0000018a1e34a040, 0x0000018a1e34a1d8]
Event: 2.648 Thread 0x0000018a3482cf30  618       1       java.security.Provider$UString::toString (5 bytes)
Event: 2.648 Thread 0x0000018a3482cf30 nmethod 618 0x0000018a25d7ac10 code [0x0000018a25d7ada0, 0x0000018a25d7ae78]
Event: 2.648 Thread 0x0000018a3482cf30  619       1       java.security.Provider$Service::getProvider (5 bytes)
Event: 2.648 Thread 0x0000018a3482cf30 nmethod 619 0x0000018a25d7af10 code [0x0000018a25d7b0a0, 0x0000018a25d7b178]
Event: 2.661 Thread 0x0000018a347ca370 nmethod 611 0x0000018a25d7b210 code [0x0000018a25d7b3c0, 0x0000018a25d7b938]
Event: 2.662 Thread 0x0000018a347ca370  613       4       lombok.patcher.PatchScript::classMatches (41 bytes)

GC Heap History (0 events):
No events

Dll operation events (8 events):
Event: 0.031 Loaded shared library c:\Users\Mamadou Diouf\.vscode\extensions\redhat.java-1.32.0-win32-x64\jre\17.0.11-win32-x86_64\bin\java.dll
Event: 0.533 Loaded shared library c:\Users\Mamadou Diouf\.vscode\extensions\redhat.java-1.32.0-win32-x64\jre\17.0.11-win32-x86_64\bin\zip.dll
Event: 0.544 Loaded shared library C:\Users\Mamadou Diouf\.vscode\extensions\redhat.java-1.32.0-win32-x64\jre\17.0.11-win32-x86_64\bin\instrument.dll
Event: 0.582 Loaded shared library C:\Users\Mamadou Diouf\.vscode\extensions\redhat.java-1.32.0-win32-x64\jre\17.0.11-win32-x86_64\bin\net.dll
Event: 0.586 Loaded shared library C:\Users\Mamadou Diouf\.vscode\extensions\redhat.java-1.32.0-win32-x64\jre\17.0.11-win32-x86_64\bin\nio.dll
Event: 0.605 Loaded shared library C:\Users\Mamadou Diouf\.vscode\extensions\redhat.java-1.32.0-win32-x64\jre\17.0.11-win32-x86_64\bin\zip.dll
Event: 0.674 Loaded shared library C:\Users\Mamadou Diouf\.vscode\extensions\redhat.java-1.32.0-win32-x64\jre\17.0.11-win32-x86_64\bin\jimage.dll
Event: 0.980 Loaded shared library c:\Users\Mamadou Diouf\.vscode\extensions\redhat.java-1.32.0-win32-x64\jre\17.0.11-win32-x86_64\bin\verify.dll

Deoptimization events (20 events):
Event: 2.511 Thread 0x0000018a1b5d1bc0 DEOPT PACKING pc=0x0000018a1e332a00 sp=0x00000033260fd410
Event: 2.511 Thread 0x0000018a1b5d1bc0 DEOPT UNPACKING pc=0x0000018a257f6e43 sp=0x00000033260fc868 mode 0
Event: 2.512 Thread 0x0000018a1b5d1bc0 DEOPT PACKING pc=0x0000018a1e332a00 sp=0x00000033260fd380
Event: 2.512 Thread 0x0000018a1b5d1bc0 DEOPT UNPACKING pc=0x0000018a257f6e43 sp=0x00000033260fc7d8 mode 0
Event: 2.512 Thread 0x0000018a1b5d1bc0 DEOPT PACKING pc=0x0000018a1e332a00 sp=0x00000033260fd410
Event: 2.512 Thread 0x0000018a1b5d1bc0 DEOPT UNPACKING pc=0x0000018a257f6e43 sp=0x00000033260fc868 mode 0
Event: 2.512 Thread 0x0000018a1b5d1bc0 DEOPT PACKING pc=0x0000018a1e332a00 sp=0x00000033260fd410
Event: 2.512 Thread 0x0000018a1b5d1bc0 DEOPT UNPACKING pc=0x0000018a257f6e43 sp=0x00000033260fc868 mode 0
Event: 2.518 Thread 0x0000018a1b5d1bc0 DEOPT PACKING pc=0x0000018a1e332a00 sp=0x00000033260fd400
Event: 2.518 Thread 0x0000018a1b5d1bc0 DEOPT UNPACKING pc=0x0000018a257f6e43 sp=0x00000033260fc858 mode 0
Event: 2.518 Thread 0x0000018a1b5d1bc0 DEOPT PACKING pc=0x0000018a1e332a00 sp=0x00000033260fd400
Event: 2.518 Thread 0x0000018a1b5d1bc0 DEOPT UNPACKING pc=0x0000018a257f6e43 sp=0x00000033260fc858 mode 0
Event: 2.519 Thread 0x0000018a1b5d1bc0 DEOPT PACKING pc=0x0000018a1e332a00 sp=0x00000033260fd520
Event: 2.519 Thread 0x0000018a1b5d1bc0 DEOPT UNPACKING pc=0x0000018a257f6e43 sp=0x00000033260fc978 mode 0
Event: 2.519 Thread 0x0000018a1b5d1bc0 DEOPT PACKING pc=0x0000018a1e332a00 sp=0x00000033260fd520
Event: 2.519 Thread 0x0000018a1b5d1bc0 DEOPT UNPACKING pc=0x0000018a257f6e43 sp=0x00000033260fc978 mode 0
Event: 2.605 Thread 0x0000018a1b5d1bc0 Uncommon trap: trap_request=0xffffff6e fr.pc=0x0000018a25d78300 relative=0x0000000000000200
Event: 2.605 Thread 0x0000018a1b5d1bc0 Uncommon trap: reason=loop_limit_check action=maybe_recompile pc=0x0000018a25d78300 method=java.math.BigInteger.implMulAdd([I[IIII)I @ 26 c2
Event: 2.605 Thread 0x0000018a1b5d1bc0 DEOPT PACKING pc=0x0000018a25d78300 sp=0x00000033260fd5f0
Event: 2.605 Thread 0x0000018a1b5d1bc0 DEOPT UNPACKING pc=0x0000018a257f66a3 sp=0x00000033260fd540 mode 2

Classes unloaded (0 events):
No events

Classes redefined (0 events):
No events

Internal exceptions (2 events):
Event: 0.441 Thread 0x0000018a1b5d1bc0 Exception <a 'java/lang/NoSuchMethodError'{0x00000000eacb5290}: 'void java.lang.invoke.DirectMethodHandle$Holder.invokeStatic(java.lang.Object, java.lang.Object, java.lang.Object)'> (0x00000000eacb5290) 
thrown [s\src\hotspot\share\interpreter\linkResolver.cpp, line 759]
Event: 1.149 Thread 0x0000018a1b5d1bc0 Exception <a 'java/lang/reflect/InvocationTargetException'{0x00000000eaff8948}> (0x00000000eaff8948) 
thrown [s\src\hotspot\share\runtime\reflection.cpp, line 1121]

VM Operations (8 events):
Event: 0.456 Executing VM operation: HandshakeAllThreads
Event: 0.456 Executing VM operation: HandshakeAllThreads done
Event: 0.749 Executing VM operation: HandshakeAllThreads
Event: 0.749 Executing VM operation: HandshakeAllThreads done
Event: 1.764 Executing VM operation: Cleanup
Event: 1.795 Executing VM operation: Cleanup done
Event: 2.635 Executing VM operation: HandshakeAllThreads
Event: 2.635 Executing VM operation: HandshakeAllThreads done

Events (20 events):
Event: 2.633 loading class sun/security/util/KeyUtil
Event: 2.634 loading class sun/security/util/KeyUtil done
Event: 2.634 loading class sun/security/util/Length
Event: 2.634 loading class sun/security/util/Length done
Event: 2.634 loading class javax/crypto/SecretKey
Event: 2.634 loading class javax/crypto/SecretKey done
Event: 2.634 loading class java/util/LinkedHashMap$LinkedEntrySet
Event: 2.635 loading class java/util/LinkedHashMap$LinkedEntrySet done
Event: 2.635 loading class java/util/LinkedHashMap$LinkedEntryIterator
Event: 2.635 loading class java/util/LinkedHashMap$LinkedEntryIterator done
Event: 2.639 loading class java/util/Base64
Event: 2.640 loading class java/util/Base64 done
Event: 2.640 loading class java/util/Base64$Decoder
Event: 2.641 loading class java/util/Base64$Decoder done
Event: 2.641 loading class java/util/Base64$Encoder
Event: 2.641 loading class java/util/Base64$Encoder done
Event: 2.642 loading class java/util/jar/JarVerifier$VerifierStream
Event: 2.644 loading class java/util/jar/JarVerifier$VerifierStream done
Event: 2.644 loading class sun/security/util/ManifestEntryVerifier$SunProviderHolder
Event: 2.644 loading class sun/security/util/ManifestEntryVerifier$SunProviderHolder done


Dynamic libraries:
0x00007ff7195e0000 - 0x00007ff7195ee000 	c:\Users\Mamadou Diouf\.vscode\extensions\redhat.java-1.32.0-win32-x64\jre\17.0.11-win32-x86_64\bin\java.exe
0x00007ffc8f530000 - 0x00007ffc8f728000 	C:\WINDOWS\SYSTEM32\ntdll.dll
0x00007ffc8f420000 - 0x00007ffc8f4e1000 	C:\WINDOWS\System32\KERNEL32.DLL
0x00007ffc8d0d0000 - 0x00007ffc8d3c6000 	C:\WINDOWS\System32\KERNELBASE.dll
0x00007ffc8ceb0000 - 0x00007ffc8cfb0000 	C:\WINDOWS\System32\ucrtbase.dll
0x00007ffc84910000 - 0x00007ffc84927000 	c:\Users\Mamadou Diouf\.vscode\extensions\redhat.java-1.32.0-win32-x64\jre\17.0.11-win32-x86_64\bin\jli.dll
0x00007ffc8e890000 - 0x00007ffc8ea2f000 	C:\WINDOWS\System32\USER32.dll
0x00007ffc8ce30000 - 0x00007ffc8ce52000 	C:\WINDOWS\System32\win32u.dll
0x00007ffc8eaa0000 - 0x00007ffc8eacb000 	C:\WINDOWS\System32\GDI32.dll
0x00007ffc8cd10000 - 0x00007ffc8ce27000 	C:\WINDOWS\System32\gdi32full.dll
0x00007ffc8cbe0000 - 0x00007ffc8cc7d000 	C:\WINDOWS\System32\msvcp_win.dll
0x00007ffc848f0000 - 0x00007ffc8490b000 	c:\Users\Mamadou Diouf\.vscode\extensions\redhat.java-1.32.0-win32-x64\jre\17.0.11-win32-x86_64\bin\VCRUNTIME140.dll
0x00007ffc75fd0000 - 0x00007ffc7626a000 	C:\WINDOWS\WinSxS\amd64_microsoft.windows.common-controls_6595b64144ccf1df_6.0.19041.4355_none_60b8b9eb71f62e16\COMCTL32.dll
0x00007ffc8ddf0000 - 0x00007ffc8de8e000 	C:\WINDOWS\System32\msvcrt.dll
0x00007ffc8efa0000 - 0x00007ffc8efcf000 	C:\WINDOWS\System32\IMM32.DLL
0x00007ffc887e0000 - 0x00007ffc887ec000 	c:\Users\Mamadou Diouf\.vscode\extensions\redhat.java-1.32.0-win32-x64\jre\17.0.11-win32-x86_64\bin\vcruntime140_1.dll
0x00007ffc54060000 - 0x00007ffc540ed000 	c:\Users\Mamadou Diouf\.vscode\extensions\redhat.java-1.32.0-win32-x64\jre\17.0.11-win32-x86_64\bin\msvcp140.dll
0x00007ffbe9b20000 - 0x00007ffbea782000 	c:\Users\Mamadou Diouf\.vscode\extensions\redhat.java-1.32.0-win32-x64\jre\17.0.11-win32-x86_64\bin\server\jvm.dll
0x00007ffc8e7e0000 - 0x00007ffc8e890000 	C:\WINDOWS\System32\ADVAPI32.dll
0x00007ffc8e740000 - 0x00007ffc8e7e0000 	C:\WINDOWS\System32\sechost.dll
0x00007ffc8e010000 - 0x00007ffc8e133000 	C:\WINDOWS\System32\RPCRT4.dll
0x00007ffc8d3d0000 - 0x00007ffc8d3f7000 	C:\WINDOWS\System32\bcrypt.dll
0x00007ffc8c560000 - 0x00007ffc8c5ab000 	C:\WINDOWS\SYSTEM32\POWRPROF.dll
0x00007ffc75d70000 - 0x00007ffc75d79000 	C:\WINDOWS\SYSTEM32\WSOCK32.dll
0x00007ffc8ea30000 - 0x00007ffc8ea9b000 	C:\WINDOWS\System32\WS2_32.dll
0x00007ffc757e0000 - 0x00007ffc75807000 	C:\WINDOWS\SYSTEM32\WINMM.dll
0x00007ffc828e0000 - 0x00007ffc828ea000 	C:\WINDOWS\SYSTEM32\VERSION.dll
0x00007ffc8c540000 - 0x00007ffc8c552000 	C:\WINDOWS\SYSTEM32\UMPDC.dll
0x00007ffc8b3b0000 - 0x00007ffc8b3c2000 	C:\WINDOWS\SYSTEM32\kernel.appcore.dll
0x00007ffc88270000 - 0x00007ffc8827a000 	c:\Users\Mamadou Diouf\.vscode\extensions\redhat.java-1.32.0-win32-x64\jre\17.0.11-win32-x86_64\bin\jimage.dll
0x00007ffc8a910000 - 0x00007ffc8aaf4000 	C:\WINDOWS\SYSTEM32\DBGHELP.DLL
0x00007ffc74520000 - 0x00007ffc74554000 	C:\WINDOWS\SYSTEM32\dbgcore.DLL
0x00007ffc8cc80000 - 0x00007ffc8cd02000 	C:\WINDOWS\System32\bcryptPrimitives.dll
0x00007ffc848e0000 - 0x00007ffc848ee000 	c:\Users\Mamadou Diouf\.vscode\extensions\redhat.java-1.32.0-win32-x64\jre\17.0.11-win32-x86_64\bin\instrument.dll
0x00007ffc5f7b0000 - 0x00007ffc5f7d5000 	c:\Users\Mamadou Diouf\.vscode\extensions\redhat.java-1.32.0-win32-x64\jre\17.0.11-win32-x86_64\bin\java.dll
0x00007ffc61100000 - 0x00007ffc61118000 	c:\Users\Mamadou Diouf\.vscode\extensions\redhat.java-1.32.0-win32-x64\jre\17.0.11-win32-x86_64\bin\zip.dll
0x00007ffc8d670000 - 0x00007ffc8dddc000 	C:\WINDOWS\System32\SHELL32.dll
0x00007ffc8ab20000 - 0x00007ffc8b2be000 	C:\WINDOWS\SYSTEM32\windows.storage.dll
0x00007ffc8e140000 - 0x00007ffc8e493000 	C:\WINDOWS\System32\combase.dll
0x00007ffc8c4b0000 - 0x00007ffc8c4de000 	C:\WINDOWS\SYSTEM32\Wldp.dll
0x00007ffc8f220000 - 0x00007ffc8f2ed000 	C:\WINDOWS\System32\OLEAUT32.dll
0x00007ffc8f050000 - 0x00007ffc8f0fd000 	C:\WINDOWS\System32\SHCORE.dll
0x00007ffc8dfa0000 - 0x00007ffc8dff5000 	C:\WINDOWS\System32\shlwapi.dll
0x00007ffc8cb10000 - 0x00007ffc8cb34000 	C:\WINDOWS\SYSTEM32\profapi.dll
0x00007ffc5b860000 - 0x00007ffc5b879000 	C:\Users\Mamadou Diouf\.vscode\extensions\redhat.java-1.32.0-win32-x64\jre\17.0.11-win32-x86_64\bin\net.dll
0x00007ffc83ff0000 - 0x00007ffc840fa000 	C:\WINDOWS\SYSTEM32\WINHTTP.dll
0x00007ffc8c230000 - 0x00007ffc8c29a000 	C:\WINDOWS\system32\mswsock.dll
0x00007ffc598a0000 - 0x00007ffc598b6000 	C:\Users\Mamadou Diouf\.vscode\extensions\redhat.java-1.32.0-win32-x64\jre\17.0.11-win32-x86_64\bin\nio.dll
0x00007ffc848d0000 - 0x00007ffc848e0000 	c:\Users\Mamadou Diouf\.vscode\extensions\redhat.java-1.32.0-win32-x64\jre\17.0.11-win32-x86_64\bin\verify.dll

dbghelp: loaded successfully - version: 4.0.5 - missing functions: none
symbol engine: initialized successfully - sym options: 0x614 - pdb path: .;c:\Users\Mamadou Diouf\.vscode\extensions\redhat.java-1.32.0-win32-x64\jre\17.0.11-win32-x86_64\bin;C:\WINDOWS\SYSTEM32;C:\WINDOWS\WinSxS\amd64_microsoft.windows.common-controls_6595b64144ccf1df_6.0.19041.4355_none_60b8b9eb71f62e16;c:\Users\Mamadou Diouf\.vscode\extensions\redhat.java-1.32.0-win32-x64\jre\17.0.11-win32-x86_64\bin\server

VM Arguments:
jvm_args: --add-modules=ALL-SYSTEM --add-opens=java.base/java.util=ALL-UNNAMED --add-opens=java.base/java.lang=ALL-UNNAMED --add-opens=java.base/sun.nio.fs=ALL-UNNAMED -Declipse.application=org.eclipse.jdt.ls.core.id1 -Dosgi.bundles.defaultStartLevel=4 -Declipse.product=org.eclipse.jdt.ls.core.product -Djava.import.generatesMetadataFilesAtProjectRoot=false -DDetectVMInstallationsJob.disabled=true -Dfile.encoding=utf8 -XX:+UseParallelGC -XX:GCTimeRatio=4 -XX:AdaptiveSizePolicyWeight=90 -Dsun.zip.disableMemoryMapping=true -Xmx1G -Xms100m -Xlog:disable -javaagent:c:\Users\Mamadou Diouf\.vscode\extensions\redhat.java-1.32.0-win32-x64\lombok\lombok-1.18.33.jar 
java_command: c:\Users\Mamadou Diouf\.vscode\extensions\redhat.java-1.32.0-win32-x64\server\plugins\org.eclipse.equinox.launcher_1.6.900.v20240613-2009.jar -configuration c:\Users\Mamadou Diouf\AppData\Roaming\Code\User\globalStorage\redhat.java\1.32.0\config_ss_win -data c:\Users\Mamadou Diouf\AppData\Roaming\Code\User\workspaceStorage\6f1065849b1a3b280351f4f1af449242\redhat.java\ss_ws --pipe=\\.\pipe\lsp-524ed0a028e00febf790c474b0d78191-sock
java_class_path (initial): c:\Users\Mamadou Diouf\.vscode\extensions\redhat.java-1.32.0-win32-x64\server\plugins\org.eclipse.equinox.launcher_1.6.900.v20240613-2009.jar
Launcher Type: SUN_STANDARD

[Global flags]
    uintx AdaptiveSizePolicyWeight                 = 90                                        {product} {command line}
     intx CICompilerCount                          = 4                                         {product} {ergonomic}
    uintx GCTimeRatio                              = 4                                         {product} {command line}
   size_t InitialHeapSize                          = 104857600                                 {product} {command line}
   size_t MaxHeapSize                              = 1073741824                                {product} {command line}
   size_t MaxNewSize                               = 357564416                                 {product} {ergonomic}
   size_t MinHeapDeltaBytes                        = 524288                                    {product} {ergonomic}
   size_t MinHeapSize                              = 104857600                                 {product} {command line}
   size_t NewSize                                  = 34603008                                  {product} {ergonomic}
    uintx NonNMethodCodeHeapSize                   = 5839372                                {pd product} {ergonomic}
    uintx NonProfiledCodeHeapSize                  = 122909434                              {pd product} {ergonomic}
   size_t OldSize                                  = 70254592                                  {product} {ergonomic}
    uintx ProfiledCodeHeapSize                     = 122909434                              {pd product} {ergonomic}
    uintx ReservedCodeCacheSize                    = 251658240                              {pd product} {ergonomic}
     bool SegmentedCodeCache                       = true                                      {product} {ergonomic}
   size_t SoftMaxHeapSize                          = 1073741824                             {manageable} {ergonomic}
     bool UseCompressedClassPointers               = true                           {product lp64_product} {ergonomic}
     bool UseCompressedOops                        = true                           {product lp64_product} {ergonomic}
     bool UseLargePagesIndividualAllocation        = false                                  {pd product} {ergonomic}
     bool UseParallelGC                            = true                                      {product} {command line}

Logging:
Log output configuration:
 #0: stdout all=off uptime,level,tags
 #1: stderr all=off uptime,level,tags

Environment Variables:
JAVA_HOME=C:\jdk-17.0.10
PATH=C:\Program Files (x86)\VMware\VMware Workstation\bin\;C:\Program Files\Common Files\Oracle\Java\javapath;C:\Program Files\Microsoft\jdk-11.0.16.101-hotspot\bin;C:\WINDOWS\system32;C:\WINDOWS;C:\WINDOWS\System32\Wbem;C:\WINDOWS\System32\WindowsPowerShell\v1.0\;C:\WINDOWS\System32\OpenSSH\;C:\Program Files\nodejs\;C:\xampp\php;C:\composer;C:\Program Files\Microsoft SQL Server\150\Tools\Binn\;C:\Program Files\Microsoft SQL Server\Client SDK\ODBC\170\Tools\Binn\;C:\Program Files\dotnet\;C:\Program Files (x86)\Windows Kits\10\Windows Performance Toolkit\;C:\Program Files\Java\jdk-21\bin;%CATALINA_HOME%\bin;C:\Program Files\Docker\Docker\resources\bin;C:\Program Files\Git\cmd;C:\Users\Mamadou Diouf\scoop\shims;C:\Users\Mamadou Diouf\AppData\Local\Programs\Python\Python312\Scripts\;C:\Users\Mamadou Diouf\AppData\Local\Programs\Python\Python312\;C:\jdk-17.0.10\bin;C:\Users\Mamadou Diouf\.console-ninja\.bin;C:\Users\Mamadou Diouf\AppData\Local\Microsoft\WindowsApps;C:\Users\Mamadou Diouf\AppData\Local\GitHubDesktop\bin;C:\Users\Mamadou Diouf\AppData\Roaming\npm;C:\Users\Mamadou Diouf\AppData\Roaming\Composer\vendor\bin;C:\xampp\php;C:\Program Files\nodejs;C:\src\flutter\flutter\bin;C:\Users\Mamadou Diouf\.dotnet\tools;C:\Users\Mamadou Diouf\.android\Sdk;C:\Program Files\JetBrains\IntelliJ IDEA Community Edition 2023.3.2\bin;;C:\Program Files\JetBrains\IntelliJ IDEA 2019.2.4\bin;;C:\Program Files\JetBrains\PyCharm Community Edition 2023.3.4\bin;;C:\Users\Mamadou Diouf\AppData\Local\Programs\oh-my-posh\bin;C:\Users\Mamadou Diouf\AppData\Local\Programs\Microsoft VS Code\bin;
USERNAME=Mamadou Diouf
OS=Windows_NT
PROCESSOR_IDENTIFIER=Intel64 Family 6 Model 94 Stepping 3, GenuineIntel
TMP=C:\Users\MAMADO~1\AppData\Local\Temp
TEMP=C:\Users\MAMADO~1\AppData\Local\Temp



Periodic native trim disabled


---------------  S Y S T E M  ---------------

OS:
 Windows 10 , 64 bit Build 19041 (10.0.19041.4597)
OS uptime: 7 days 13:58 hours
Hyper-V role detected

CPU: total 8 (initial active 8) (4 cores per cpu, 2 threads per core) family 6 model 94 stepping 3 microcode 0xf0, cx8, cmov, fxsr, ht, mmx, 3dnowpref, sse, sse2, sse3, ssse3, sse4.1, sse4.2, popcnt, lzcnt, tsc, tscinvbit, avx, avx2, aes, erms, clmul, bmi1, bmi2, rtm, adx, fma, vzeroupper, clflush, clflushopt, hv
Processor Information for all 8 processors :
  Max Mhz: 2701, Current Mhz: 2701, Mhz Limit: 2701

Memory: 4k page, system-wide physical 24391M (919M free)
TotalPageFile size 54035M (AvailPageFile size 3M)
current process WorkingSet (physical memory assigned to process): 56M, peak: 56M
current process commit charge ("private bytes"): 195M, peak: 196M

vm_info: OpenJDK 64-Bit Server VM (17.0.11+9) for windows-amd64 JRE (17.0.11+9), built on Apr 17 2024 06:07:48 by "admin" with MS VC++ 16.10 / 16.11 (VS2019)

END.
